2026-03-06 18:31:33 Loaded main app package /usr/lib/obsidian/obsidian.asar
2026-03-06 18:31:33 Checking for update using Github
2026-03-06 18:31:33 Success.
2026-03-06 18:31:33 Latest version is 1.12.4
2026-03-06 18:31:33 Downloading update from https://github.com/obsidianmd/obsidian-releases/releases/download/v1.12.4/obsidian-1.12.4.asar.gz
2026-03-06 18:31:36 Verifying hash & signature. Size= 8322418
2026-03-06 18:31:36 Saving file
2026-03-06 18:31:36 Update complete.
2026-03-07 07:52:42 Loaded updated app package /home/abhi/.config/obsidian/obsidian-1.12.4.asar
2026-03-07 07:52:42 Checking for update using Github
2026-03-07 07:52:42 Success.
2026-03-07 07:52:42 Latest version is 1.12.4
2026-03-07 07:52:42 App is up to date.
2026-03-08 08:00:24 Loaded updated app package /home/abhi/.config/obsidian/obsidian-1.12.4.asar
2026-03-08 08:00:24 Checking for update using Github
2026-03-08 08:00:24 Success.
2026-03-08 08:00:24 Latest version is 1.12.4
2026-03-08 08:00:24 App is up to date.
2026-03-08 10:48:21 Checking for update using Github
2026-03-08 10:48:21 Success.
2026-03-08 10:48:21 Latest version is 1.12.4
2026-03-08 10:48:21 App is up to date.
2026-03-08 10:50:19 Loaded updated app package /home/abhi/.config/obsidian/obsidian-1.12.4.asar
2026-03-08 10:50:19 Checking for update using Github
2026-03-08 10:50:19 Success.
2026-03-08 10:50:19 Latest version is 1.12.4
2026-03-08 10:50:19 App is up to date.
2026-03-08 11:14:04 Loaded updated app package /home/abhi/.config/obsidian/obsidian-1.12.4.asar
2026-03-08 11:14:04 Checking for update using Github
2026-03-08 11:14:05 Success.
2026-03-08 11:14:05 Latest version is 1.12.4
2026-03-08 11:14:05 App is up to date.
2026-03-08 11:24:21 Loaded updated app package /home/abhi/.config/obsidian/obsidian-1.12.4.asar
2026-03-08 11:24:21 Checking for update using Github
2026-03-08 11:24:22 Success.
2026-03-08 11:24:22 Latest version is 1.12.4
2026-03-08 11:24:22 App is up to date.
2026-03-08 11:59:34 Loaded updated app package /home/abhi/.config/obsidian/obsidian-1.12.4.asar
2026-03-08 11:59:34 Checking for update using Github
2026-03-08 11:59:34 Success.
2026-03-08 11:59:34 Latest version is 1.12.4
2026-03-08 11:59:34 App is up to date.
2026-03-08 14:17:09 Loaded updated app package /home/abhi/.config/obsidian/obsidian-1.12.4.asar
2026-03-08 14:17:09 Checking for update using Github
2026-03-08 14:17:14 Success.
2026-03-08 14:17:14 Latest version is 1.12.4
2026-03-08 14:17:14 App is up to date.
2026-03-08 14:35:53 Loaded updated app package /home/abhi/.config/obsidian/obsidian-1.12.4.asar
2026-03-08 14:35:53 Checking for update using Github
2026-03-08 14:35:54 Success.
2026-03-08 14:35:54 Latest version is 1.12.4
2026-03-08 14:35:54 App is up to date.
2026-03-08 15:35:53 Checking for update using Github
2026-03-08 15:35:53 Success.
2026-03-08 15:35:53 Latest version is 1.12.4
2026-03-08 15:35:53 App is up to date.
2026-03-08 16:35:53 Checking for update using Github
2026-03-08 16:35:53 Success.
2026-03-08 16:35:53 Latest version is 1.12.4
2026-03-08 16:35:53 App is up to date.
2026-03-08 17:35:53 Checking for update using Github
2026-03-08 17:35:53 Success.
2026-03-08 17:35:53 Latest version is 1.12.4
2026-03-08 17:35:53 App is up to date.
2026-03-09 17:27:55 Loaded main app package /usr/lib/obsidian/obsidian.asar
2026-03-09 17:27:55 Checking for update using Github
2026-03-09 17:27:55 Success.
2026-03-09 17:27:55 Latest version is 1.12.4
2026-03-09 17:27:55 App is up to date.
2026-03-10 16:52:58 Loaded main app package /usr/lib/obsidian/obsidian.asar
2026-03-10 16:52:58 Checking for update using Github
2026-03-10 16:52:58 Success.
2026-03-10 16:52:58 Latest version is 1.12.4
2026-03-10 16:52:58 App is up to date.
2026-03-11 15:30:51 Loaded main app package /usr/lib/obsidian/obsidian.asar
2026-03-11 15:30:51 Checking for update using Github
2026-03-11 15:30:51 Success.
2026-03-11 15:30:51 Latest version is 1.12.4
2026-03-11 15:30:51 App is up to date.
2026-03-11 16:30:51 Checking for update using Github
2026-03-11 16:30:51 Success.
2026-03-11 16:30:51 Latest version is 1.12.4
2026-03-11 16:30:51 App is up to date.
2026-03-12 05:33:58 Loaded main app package /usr/lib/obsidian/obsidian.asar
2026-03-12 05:33:58 Checking for update using Github
2026-03-12 05:33:59 Success.
2026-03-12 05:33:59 Latest version is 1.12.4
2026-03-12 05:33:59 App is up to date.
2026-03-12 06:33:58 Checking for update using Github
2026-03-12 06:33:58 Success.
2026-03-12 06:33:58 Latest version is 1.12.4
2026-03-12 06:33:58 App is up to date.
2026-03-12 07:28:56 Loaded main app package /usr/lib/obsidian/obsidian.asar
2026-03-12 07:28:57 Checking for update using Github
2026-03-12 07:28:57 Success.
2026-03-12 07:28:57 Latest version is 1.12.4
2026-03-12 07:28:57 App is up to date.
2026-03-12 08:28:56 Checking for update using Github
2026-03-12 08:28:56 Success.
2026-03-12 08:28:56 Latest version is 1.12.4
2026-03-12 08:28:56 App is up to date.
2026-03-12 11:28:49 Checking for update using Github
2026-03-12 11:28:49 Success.
2026-03-12 11:28:49 Latest version is 1.12.4
2026-03-12 11:28:49 App is up to date.
2026-03-12 12:28:49 Checking for update using Github
2026-03-12 12:28:49 Success.
2026-03-12 12:28:49 Latest version is 1.12.4
2026-03-12 12:28:49 App is up to date.
2026-03-12 13:28:53 Checking for update using Github
2026-03-12 13:28:53 Success.
2026-03-12 13:28:53 Latest version is 1.12.4
2026-03-12 13:28:53 App is up to date.
2026-03-12 14:58:15 Checking for update using Github
2026-03-12 14:58:15 Success.
2026-03-12 14:58:15 Latest version is 1.12.4
2026-03-12 14:58:15 App is up to date.
2026-03-12 15:58:15 Checking for update using Github
2026-03-12 15:58:15 Success.
2026-03-12 15:58:15 Latest version is 1.12.4
2026-03-12 15:58:15 App is up to date.
2026-03-12 16:58:15 Checking for update using Github
2026-03-12 16:58:15 Success.
2026-03-12 16:58:15 Latest version is 1.12.4
2026-03-12 16:58:15 App is up to date.
2026-03-13 04:11:57 Checking for update using Github
2026-03-13 04:11:57 Success.
2026-03-13 04:11:57 Latest version is 1.12.4
2026-03-13 04:11:57 App is up to date.
2026-03-13 05:11:57 Checking for update using Github
2026-03-13 05:11:57 Success.
2026-03-13 05:11:57 Latest version is 1.12.4
2026-03-13 05:11:57 App is up to date.
2026-03-13 06:11:57 Checking for update using Github
2026-03-13 06:11:57 Success.
2026-03-13 06:11:57 Latest version is 1.12.4
2026-03-13 06:11:57 App is up to date.
2026-03-13 07:11:57 Checking for update using Github
2026-03-13 07:11:58 Success.
2026-03-13 07:11:58 Latest version is 1.12.4
2026-03-13 07:11:58 App is up to date.
2026-03-13 08:11:57 Checking for update using Github
2026-03-13 08:11:57 Success.
2026-03-13 08:11:57 Latest version is 1.12.4
2026-03-13 08:11:57 App is up to date.
2026-03-13 09:11:57 Checking for update using Github
2026-03-13 09:11:57 Success.
2026-03-13 09:11:57 Latest version is 1.12.4
2026-03-13 09:11:57 App is up to date.
2026-03-13 10:11:57 Checking for update using Github
2026-03-13 10:11:57 Success.
2026-03-13 10:11:57 Latest version is 1.12.4
2026-03-13 10:11:57 App is up to date.
2026-03-13 11:11:57 Checking for update using Github
2026-03-13 11:11:57 Success.
2026-03-13 11:11:57 Latest version is 1.12.4
2026-03-13 11:11:57 App is up to date.
2026-03-13 12:11:57 Checking for update using Github
2026-03-13 12:11:58 Success.
2026-03-13 12:11:58 Latest version is 1.12.4
2026-03-13 12:11:58 App is up to date.
2026-03-13 13:11:57 Checking for update using Github
2026-03-13 13:11:58 Success.
2026-03-13 13:11:58 Latest version is 1.12.4
2026-03-13 13:11:58 App is up to date.
2026-03-13 14:11:58 Checking for update using Github
2026-03-13 14:11:58 Success.
2026-03-13 14:11:58 Latest version is 1.12.4
2026-03-13 14:11:58 App is up to date.
2026-03-13 15:11:58 Checking for update using Github
2026-03-13 15:11:58 Success.
2026-03-13 15:11:58 Latest version is 1.12.4
2026-03-13 15:11:58 App is up to date.
2026-03-13 16:11:58 Checking for update using Github
2026-03-13 16:11:58 Success.
2026-03-13 16:11:58 Latest version is 1.12.4
2026-03-13 16:11:58 App is up to date.
2026-03-13 17:11:58 Checking for update using Github
2026-03-13 17:11:58 Success.
2026-03-13 17:11:58 Latest version is 1.12.4
2026-03-13 17:11:58 App is up to date.
2026-03-14 04:20:11 Checking for update using Github
2026-03-14 04:20:13 Success.
2026-03-14 04:20:13 Latest version is 1.12.4
2026-03-14 04:20:13 App is up to date.
2026-03-14 05:20:11 Checking for update using Github
2026-03-14 05:20:11 Success.
2026-03-14 05:20:11 Latest version is 1.12.4
2026-03-14 05:20:11 App is up to date.
2026-03-14 06:20:11 Checking for update using Github
2026-03-14 06:20:12 Success.
2026-03-14 06:20:12 Latest version is 1.12.4
2026-03-14 06:20:12 App is up to date.
2026-03-14 07:20:11 Checking for update using Github
2026-03-14 07:20:12 Success.
2026-03-14 07:20:12 Latest version is 1.12.4
2026-03-14 07:20:12 App is up to date.
2026-03-14 08:20:12 Checking for update using Github
2026-03-14 08:20:12 Success.
2026-03-14 08:20:12 Latest version is 1.12.4
2026-03-14 08:20:12 App is up to date.
2026-03-14 11:12:09 Checking for update using Github
2026-03-14 11:12:09 Success.
2026-03-14 11:12:09 Latest version is 1.12.4
2026-03-14 11:12:09 App is up to date.
2026-03-14 12:27:32 Checking for update using Github
2026-03-14 12:27:32 Success.
2026-03-14 12:27:32 Latest version is 1.12.4
2026-03-14 12:27:32 App is up to date.
2026-03-14 16:56:51 Checking for update using Github
2026-03-14 16:56:51 Success.
2026-03-14 16:56:51 Latest version is 1.12.4
2026-03-14 16:56:51 App is up to date.
2026-03-15 04:31:17 Checking for update using Github
2026-03-15 04:31:17 Success.
2026-03-15 04:31:17 Latest version is 1.12.4
2026-03-15 04:31:17 App is up to date.
2026-03-15 05:31:18 Checking for update using Github
2026-03-15 05:31:18 Success.
2026-03-15 05:31:18 Latest version is 1.12.4
2026-03-15 05:31:18 App is up to date.
2026-03-15 10:27:54 Checking for update using Github
2026-03-15 10:27:54 Success.
2026-03-15 10:27:54 Latest version is 1.12.4
2026-03-15 10:27:54 App is up to date.
2026-03-15 11:27:54 Checking for update using Github
2026-03-15 11:27:54 Success.
2026-03-15 11:27:54 Latest version is 1.12.4
2026-03-15 11:27:54 App is up to date.
2026-03-15 16:36:41 Checking for update using Github
2026-03-15 16:36:42 Success.
2026-03-15 16:36:42 Latest version is 1.12.4
2026-03-15 16:36:42 App is up to date.
2026-03-16 03:30:47 Checking for update using Github
2026-03-16 03:30:47 Success.
2026-03-16 03:30:47 Latest version is 1.12.4
2026-03-16 03:30:47 App is up to date.
2026-03-16 04:30:47 Checking for update using Github
2026-03-16 04:30:47 Success.
2026-03-16 04:30:47 Latest version is 1.12.4
2026-03-16 04:30:47 App is up to date.
2026-03-16 05:30:47 Checking for update using Github
2026-03-16 05:30:47 Success.
2026-03-16 05:30:47 Latest version is 1.12.4
2026-03-16 05:30:47 App is up to date.
2026-03-16 06:30:47 Checking for update using Github
2026-03-16 06:30:47 Success.
2026-03-16 06:30:47 Latest version is 1.12.4
2026-03-16 06:30:47 App is up to date.
2026-03-16 07:30:47 Checking for update using Github
2026-03-16 07:30:47 Success.
2026-03-16 07:30:47 Latest version is 1.12.4
2026-03-16 07:30:47 App is up to date.
2026-03-16 09:52:33 Checking for update using Github
2026-03-16 09:52:33 Success.
2026-03-16 09:52:33 Latest version is 1.12.4
2026-03-16 09:52:33 App is up to date.
2026-03-16 10:52:33 Checking for update using Github
2026-03-16 10:52:33 Success.
2026-03-16 10:52:33 Latest version is 1.12.4
2026-03-16 10:52:33 App is up to date.
2026-03-16 13:57:51 Checking for update using Github
2026-03-16 13:57:51 Success.
2026-03-16 13:57:51 Latest version is 1.12.4
2026-03-16 13:57:51 App is up to date.
2026-03-16 14:57:51 Checking for update using Github
2026-03-16 14:57:51 Success.
2026-03-16 14:57:51 Latest version is 1.12.4
2026-03-16 14:57:51 App is up to date.
2026-03-16 15:57:51 Checking for update using Github
2026-03-16 15:57:51 Success.
2026-03-16 15:57:51 Latest version is 1.12.4
2026-03-16 15:57:51 App is up to date.
2026-03-17 04:17:45 Checking for update using Github
2026-03-17 04:17:45 Success.
2026-03-17 04:17:45 Latest version is 1.12.4
2026-03-17 04:17:45 App is up to date.
2026-03-17 05:17:45 Checking for update using Github
2026-03-17 05:17:45 Success.
2026-03-17 05:17:45 Latest version is 1.12.4
2026-03-17 05:17:45 App is up to date.
2026-03-17 06:17:45 Checking for update using Github
2026-03-17 06:17:45 Success.
2026-03-17 06:17:45 Latest version is 1.12.4
2026-03-17 06:17:45 App is up to date.
2026-03-17 07:17:45 Checking for update using Github
2026-03-17 07:17:45 Success.
2026-03-17 07:17:45 Latest version is 1.12.4
2026-03-17 07:17:45 App is up to date.
2026-03-17 08:17:45 Checking for update using Github
2026-03-17 08:17:45 Success.
2026-03-17 08:17:45 Latest version is 1.12.4
2026-03-17 08:17:45 App is up to date.
2026-03-17 09:44:21 Checking for update using Github
2026-03-17 09:44:22 Success.
2026-03-17 09:44:22 Latest version is 1.12.4
2026-03-17 09:44:22 App is up to date.
2026-03-17 10:44:21 Checking for update using Github
2026-03-17 10:44:22 Success.
2026-03-17 10:44:22 Latest version is 1.12.4
2026-03-17 10:44:22 App is up to date.
2026-03-17 11:44:22 Checking for update using Github
2026-03-17 11:44:22 Success.
2026-03-17 11:44:22 Latest version is 1.12.4
2026-03-17 11:44:22 App is up to date.
2026-03-17 15:43:08 Checking for update using Github
2026-03-17 15:43:08 Success.
2026-03-17 15:43:08 Latest version is 1.12.4
2026-03-17 15:43:08 App is up to date.
2026-03-17 16:43:08 Checking for update using Github
2026-03-17 16:43:08 Success.
2026-03-17 16:43:08 Latest version is 1.12.4
2026-03-17 16:43:08 App is up to date.
2026-03-18 05:13:39 Checking for update using Github
2026-03-18 05:13:40 Success.
2026-03-18 05:13:40 Latest version is 1.12.4
2026-03-18 05:13:40 App is up to date.
2026-03-18 06:13:39 Checking for update using Github
2026-03-18 06:13:40 Success.
2026-03-18 06:13:40 Latest version is 1.12.4
2026-03-18 06:13:40 App is up to date.
2026-03-18 07:13:40 Checking for update using Github
2026-03-18 07:13:40 Success.
2026-03-18 07:13:40 Latest version is 1.12.4
2026-03-18 07:13:40 App is up to date.
2026-03-18 08:13:40 Checking for update using Github
2026-03-18 08:13:40 Success.
2026-03-18 08:13:40 Latest version is 1.12.4
2026-03-18 08:13:40 App is up to date.
2026-03-18 10:30:04 Checking for update using Github
2026-03-18 10:30:04 Success.
2026-03-18 10:30:04 Latest version is 1.12.4
2026-03-18 10:30:04 App is up to date.
2026-03-18 11:30:04 Checking for update using Github
2026-03-18 11:30:04 Success.
2026-03-18 11:30:04 Latest version is 1.12.4
2026-03-18 11:30:04 App is up to date.
2026-03-18 14:53:53 Checking for update using Github
2026-03-18 14:53:53 Success.
2026-03-18 14:53:53 Latest version is 1.12.4
2026-03-18 14:53:53 App is up to date.
2026-03-18 16:21:42 Checking for update using Github
2026-03-18 16:21:42 Success.
2026-03-18 16:21:42 Latest version is 1.12.4
2026-03-18 16:21:42 App is up to date.
2026-03-18 17:21:42 Checking for update using Github
2026-03-18 17:21:42 Success.
2026-03-18 17:21:42 Latest version is 1.12.4
2026-03-18 17:21:42 App is up to date.
2026-03-19 05:17:59 Checking for update using Github
2026-03-19 05:18:00 Success.
2026-03-19 05:18:00 Latest version is 1.12.4
2026-03-19 05:18:00 App is up to date.
2026-03-19 06:17:59 Checking for update using Github
2026-03-19 06:18:00 Success.
2026-03-19 06:18:00 Latest version is 1.12.4
2026-03-19 06:18:00 App is up to date.
2026-03-19 14:55:34 Checking for update using Github
2026-03-19 14:55:34 Success.
2026-03-19 14:55:34 Latest version is 1.12.4
2026-03-19 14:55:34 App is up to date.
2026-03-19 15:55:34 Checking for update using Github
2026-03-19 15:55:34 Success.
2026-03-19 15:55:34 Latest version is 1.12.4
2026-03-19 15:55:34 App is up to date.
2026-03-19 16:55:34 Checking for update using Github
2026-03-19 16:55:34 Success.
2026-03-19 16:55:34 Latest version is 1.12.4
2026-03-19 16:55:34 App is up to date.
2026-03-20 06:37:36 Checking for update using Github
2026-03-20 06:37:36 Success.
2026-03-20 06:37:36 Latest version is 1.12.4
2026-03-20 06:37:36 App is up to date.
2026-03-20 07:37:36 Checking for update using Github
2026-03-20 07:37:36 Success.
2026-03-20 07:37:36 Latest version is 1.12.4
2026-03-20 07:37:36 App is up to date.
2026-03-20 10:01:14 Checking for update using Github
2026-03-20 10:01:14 Success.
2026-03-20 10:01:14 Latest version is 1.12.4
2026-03-20 10:01:14 App is up to date.
2026-03-20 11:01:14 Checking for update using Github
2026-03-20 11:01:14 Success.
2026-03-20 11:01:14 Latest version is 1.12.4
2026-03-20 11:01:14 App is up to date.
2026-03-20 12:01:14 Checking for update using Github
2026-03-20 12:01:14 Success.
2026-03-20 12:01:14 Latest version is 1.12.4
2026-03-20 12:01:14 App is up to date.
2026-03-20 13:01:14 Checking for update using Github
2026-03-20 13:01:14 Success.
2026-03-20 13:01:14 Latest version is 1.12.4
2026-03-20 13:01:14 App is up to date.
2026-03-20 14:01:14 Checking for update using Github
2026-03-20 14:01:14 Success.
2026-03-20 14:01:14 Latest version is 1.12.4
2026-03-20 14:01:14 App is up to date.
2026-03-20 15:01:14 Checking for update using Github
2026-03-20 15:01:14 Success.
2026-03-20 15:01:14 Latest version is 1.12.4
2026-03-20 15:01:14 App is up to date.
2026-03-20 16:01:14 Checking for update using Github
2026-03-20 16:01:14 Success.
2026-03-20 16:01:14 Latest version is 1.12.4
2026-03-20 16:01:14 App is up to date.
2026-03-20 17:01:14 Checking for update using Github
2026-03-20 17:01:14 Success.
2026-03-20 17:01:14 Latest version is 1.12.4
2026-03-20 17:01:14 App is up to date.
2026-03-21 06:38:32 Checking for update using Github
2026-03-21 06:38:32 Success.
2026-03-21 06:38:32 Latest version is 1.12.4
2026-03-21 06:38:32 App is up to date.
2026-03-21 07:26:10 Loaded main app package /usr/lib/obsidian/obsidian.asar
2026-03-21 07:26:10 Checking for update using Github
2026-03-21 07:26:10 Success.
2026-03-21 07:26:10 Latest version is 1.12.4
2026-03-21 07:26:10 App is up to date.
2026-03-22 07:46:39 Checking for update using Github
2026-03-22 07:46:39 Success.
2026-03-22 07:46:39 Latest version is 1.12.4
2026-03-22 07:46:39 App is up to date.
2026-03-22 09:23:52 Checking for update using Github
2026-03-22 09:23:52 Success.
2026-03-22 09:23:52 Latest version is 1.12.4
2026-03-22 09:23:52 App is up to date.
2026-03-22 10:23:52 Checking for update using Github
2026-03-22 10:23:52 Success.
2026-03-22 10:23:52 Latest version is 1.12.4
2026-03-22 10:23:52 App is up to date.
2026-03-22 11:23:52 Checking for update using Github
2026-03-22 11:23:53 Success.
2026-03-22 11:23:53 Latest version is 1.12.4
2026-03-22 11:23:53 App is up to date.
2026-03-22 12:23:53 Checking for update using Github
2026-03-22 12:23:53 Success.
2026-03-22 12:23:53 Latest version is 1.12.4
2026-03-22 12:23:53 App is up to date.
2026-03-23 09:22:53 Loaded main app package /usr/lib/obsidian/obsidian.asar
2026-03-23 09:22:53 Checking for update using Github
2026-03-23 09:22:53 Success.
2026-03-23 09:22:53 Latest version is 1.12.4
2026-03-23 09:22:53 App is up to date.
